Drill report for atari-keyboard.kicad_pcb
Created on Sat 17 Dec 2022 12:05:37 PM EST

Copper Layer Stackup:
    =============================================================
    L1 :  F.Cu                      front
    L2 :  B.Cu                      back


Drill file 'atari-keyboard-PTH.drl' contains
    plated through holes:
    =============================================================
    T1  0.400mm  0.0157"  (20 holes)
    T2  0.900mm  0.0354"  (2 holes)
    T3  1.000mm  0.0394"  (184 holes)
    T4  1.092mm  0.0430"  (29 holes)
    T5  1.500mm  0.0591"  (140 holes)
    T6  3.200mm  0.1260"  (4 holes)

    Total plated holes count 379


Drill file 'atari-keyboard-NPTH.drl' contains
    unplated through holes:
    =============================================================
    T1  1.700mm  0.0669"  (140 holes)
    T2  2.200mm  0.0866"  (70 holes)
    T3  3.050mm  0.1201"  (8 holes)
    T4  3.200mm  0.1260"  (4 holes)
    T5  4.000mm  0.1575"  (78 holes)

    Total unplated holes count 300
